build/app/outputs/mapping/release/seeds.txt
com.example.wifi_app.MainActivity
com.example.wifi_app.MainActivity: MainActivity()
...
androidx.window.embedding.SplitRuleParser: androidx.window.embedding.ActivityFilter parseActivityFilter(android.content.Context,android.content.res.XmlResourceParser)
androidx.core.view.WindowInsetsCompat$Impl20: void setOverriddenInsets(androidx.core.graphics.Insets[])
io.flutter.embedding.engine.mutatorsstack.FlutterMutatorsStack$FlutterMutatorType: io.flutter.embedding.engine.mutatorsstack.FlutterMutatorsStack$FlutterMutatorType[] values()
io.flutter.embedding.engine.systemchannels.TextInputChannel$TextCapitalization: io.flutter.embedding.engine.systemchannels.TextInputChannel$TextCapitalization valueOf(java.lang.String)
io.flutter.embedding.engine.FlutterJNI: void dispatchEmptyPlatformMessage(java.lang.String,int)
androidx.arch.core.internal.SafeIterableMap: SafeIterableMap()
androidx.window.layout.SidecarWindowBackend$WindowLayoutChangeCallbackWrapper: void accept$lambda-0(androidx.window.layout.SidecarWindowBackend$WindowLayoutChangeCallbackWrapper,androidx.window.layout.WindowLayoutInfo)
androidx.window.layout.WindowMetricsCalculator: androidx.window.layout.WindowMetrics computeCurrentWindowMetrics(android.app.Activity)
androidx.window.layout.WindowMetricsCalculatorCompat: int getNavigationBarHeight(android.content.Context)
io.flutter.embedding.engine.FlutterJNI: void setRefreshRateFPS(float)
io.flutter.view.FlutterCallbackInformation: FlutterCallbackInformation(java.lang.String,java.lang.String,java.lang.String)
androidx.window.embedding.ActivityStack: ActivityStack(java.util.List,boolean)
androidx.window.layout.FoldingFeature: boolean isSeparating()
androidx.window.embedding.SplitPairFilter: java.lang.String getSecondaryActivityIntentAction()
androidx.window.java.layout.WindowInfoTrackerCallbackAdapter$addListener$1$1: kotlin.coroutines.Continuation create(java.lang.Object,kotlin.coroutines.Continuation)
androidx.core.view.WindowInsetsCompat$Impl28: WindowInsetsCompat$Impl28(androidx.core.view.WindowInsetsCompat,androidx.core.view.WindowInsetsCompat$Impl28)
androidx.core.view.WindowInsetsCompat$Impl29: androidx.core.graphics.Insets getMandatorySystemGestureInsets()
kotlin.jvm.internal.Intrinsics: Intrinsics()
androidx.core.view.WindowInsetsCompat$BuilderImpl: void applyInsetTypes()
kotlinx.coroutines.NodeList: NodeList()
io.flutter.embedding.android.FlutterImageView: io.flutter.embedding.engine.renderer.FlutterRenderer getAttachedRenderer()
androidx.window.layout.SidecarWindowBackend$Companion: boolean isSidecarVersionSupported(androidx.window.core.Version)
io.flutter.embedding.engine.renderer.SurfaceTextureWrapper: void release()
androidx.window.embedding.EmbeddingInterfaceCompat: void setSplitRules(java.util.Set)
androidx.core.view.WindowInsetsCompat$Impl20: boolean isTypeVisible(int)
io.flutter.plugin.editing.ImeSyncDeferringInsetsCallback: android.view.WindowInsets access$600(io.flutter.plugin.editing.ImeSyncDeferringInsetsCallback)
io.flutter.embedding.engine.loader.FlutterLoader: FlutterLoader()
androidx.window.layout.SidecarWindowBackend$WindowLayoutChangeCallbackWrapper: androidx.core.util.Consumer getCallback()
androidx.window.layout.ExtensionWindowLayoutInfoBackend$MulticastConsumer: void addListener(androidx.core.util.Consumer)
io.flutter.embedding.engine.FlutterJNI: void prefetchDefaultFontManager()
kotlin.jvm.internal.FunctionReference: kotlin.reflect.KFunction getReflected()
kotlin.coroutines.jvm.internal.ContinuationImpl: kotlin.coroutines.Continuation intercepted()
io.flutter.plugin.platform.SingleViewPresentation: io.flutter.plugin.platform.PlatformView getView()
io.flutter.embedding.engine.FlutterJNI: boolean isCodePointRegionalIndicator(int)
androidx.core.view.WindowInsetsCompat$Impl20: WindowInsetsCompat$Impl20(androidx.core.view.WindowInsetsCompat,android.view.WindowInsets)
androidx.core.view.WindowInsetsCompat$Impl20: boolean isVisible(int)
io.flutter.plugin.editing.ImeSyncDeferringInsetsCallback: boolean access$102(io.flutter.plugin.editing.ImeSyncDeferringInsetsCallback,boolean)