build/app/outputs/mapping/release/mapping.txt
# compiler: R8
# compiler_version: 3.3.70
# min_api: 19
# common_typos_disable
# {"id":"com.android.tools.r8.mapping","version":"2.0"}
# pg_map_id: ce1186b
# pg_map_hash: SHA-256 ce1186b8609575f8a3e0fec8b8022e72a878f1f95bd10c4838637120d5b3dd88
...
io.flutter.embedding.engine.renderer.FlutterRenderer$SurfaceTextureRegistryEntry$1 -> c0.a$f$a:
    io.flutter.embedding.engine.renderer.FlutterRenderer$SurfaceTextureRegistryEntry this$1 -> d
io.flutter.embedding.engine.renderer.FlutterRenderer$SurfaceTextureRegistryEntry$2 -> c0.a$f$b:
    io.flutter.embedding.engine.renderer.FlutterRenderer$SurfaceTextureRegistryEntry this$1 -> a
io.flutter.embedding.engine.renderer.FlutterRenderer$ViewportMetrics -> c0.a$g:
    int systemGestureInsetBottom -> n
    int systemGestureInsetLeft -> o
    java.util.List displayFeatures -> q
    int systemGestureInsetTop -> l
    int systemGestureInsetRight -> m
    int viewInsetBottom -> j
    int viewInsetLeft -> k
    int viewInsetTop -> h
    int viewInsetRight -> i
    int viewPaddingBottom -> f
    int viewPaddingLeft -> g
    int viewPaddingTop -> d
    float devicePixelRatio -> a
    int viewPaddingRight -> e
    int width -> b
    int height -> c
    int physicalTouchSlop -> p
    boolean validate() -> a
io.flutter.embedding.engine.renderer.FlutterUiDisplayListener -> c0.c:
    void onFlutterUiNoLongerDisplayed() -> b
    void onFlutterUiDisplayed() -> e
io.flutter.embedding.engine.renderer.RenderSurface -> c0.d:
    void pause() -> a
    void attachToRenderer(io.flutter.embedding.engine.renderer.FlutterRenderer) -> b
    void detachFromRenderer() -> c
io.flutter.embedding.engine.systemchannels.AccessibilityChannel -> d0.a:
    io.flutter.embedding.engine.FlutterJNI flutterJNI -> b
    io.flutter.embedding.engine.systemchannels.AccessibilityChannel$AccessibilityMessageHandler handler -> c
    io.flutter.plugin.common.BasicMessageChannel$MessageHandler parsingMessageHandler -> d
    io.flutter.plugin.common.BasicMessageChannel channel -> a
    io.flutter.embedding.engine.systemchannels.AccessibilityChannel$AccessibilityMessageHandler access$000(io.flutter.embedding.engine.systemchannels.AccessibilityChannel) -> a
    void dispatchSemanticsAction(int,io.flutter.view.AccessibilityBridge$Action) -> b
    void dispatchSemanticsAction(int,io.flutter.view.AccessibilityBridge$Action,java.lang.Object) -> c
    void onAndroidAccessibilityDisabled() -> d
    void onAndroidAccessibilityEnabled() -> e
    void setAccessibilityFeatures(int) -> f
    void setAccessibilityMessageHandler(io.flutter.embedding.engine.systemchannels.AccessibilityChannel$AccessibilityMessageHandler) -> g
io.flutter.embedding.engine.systemchannels.AccessibilityChannel$1 -> d0.a$a:
    io.flutter.embedding.engine.systemchannels.AccessibilityChannel this$0 -> a
    void onMessage(java.lang.Object,io.flutter.plugin.common.BasicMessageChannel$Reply) -> a
io.flutter.embedding.engine.systemchannels.AccessibilityChannel$AccessibilityMessageHandler -> d0.a$b:
    void onTooltip(java.lang.String) -> c
    void onFocus(int) -> d
    void onLongPress(int) -> e
    void announce(java.lang.String) -> f
    void onTap(int) -> g
io.flutter.embedding.engine.systemchannels.DeferredComponentChannel -> d0.b:
    java.util.Map componentNameToResults -> c
    io.flutter.plugin.common.MethodChannel$MethodCallHandler parsingMethodHandler -> d
    io.flutter.embedding.engine.deferredcomponents.DeferredComponentManager deferredComponentManager -> b
    io.flutter.plugin.common.MethodChannel channel -> a
    io.flutter.embedding.engine.deferredcomponents.DeferredComponentManager access$000(io.flutter.embedding.engine.systemchannels.DeferredComponentChannel) -> a
    java.util.Map access$100(io.flutter.embedding.engine.systemchannels.DeferredComponentChannel) -> b
    void setDeferredComponentManager(io.flutter.embedding.engine.deferredcomponents.DeferredComponentManager) -> c
io.flutter.embedding.engine.systemchannels.DeferredComponentChannel$1 -> d0.b$a:
    io.flutter.embedding.engine.systemchannels.DeferredComponentChannel this$0 -> a
    void onMethodCall(io.flutter.plugin.common.MethodCall,io.flutter.plugin.common.MethodChannel$Result) -> f